{"level":"info","message":"Hello distributed log files!","timestamp":"2013-01-20T07:25:42.778Z"}
{"level":"info","message":"Hello again distributed logs","timestamp":"2013-01-20T07:25:42.779Z"}

{"level":"info","message":"Hello distributed log files!","timestamp":"2013-01-24T07:17:15.410Z"}
{"level":"info","message":"Hello again distributed logs","timestamp":"2013-01-24T07:17:15.411Z"}
{"level":"info","message":"Hello distributed log files!","timestamp":"2013-01-24T07:20:21.439Z"}
{"level":"info","message":"Hello again distributed logs","timestamp":"2013-01-24T07:20:21.440Z"}
{"level":"info","message":"new user created: { accountStatus: 'pending',\n  userName: 'sean@sean.com',\n  email: 'sean@sean.com',\n  password: '$2a$10$ec3qmCm6XlRswH8vvbxC5.tfN2teXI/GJxEuyYN0uZWnC.KUVsqpi',\n  _id: 5100e0b53be70ce81f000001,\n  __v: 0,\n  loginAttempts: 0,\n  preferences: [],\n  created: Wed Jan 23 2013 23:20:21 GMT-0800 (PST) }","timestamp":"2013-01-24T07:20:21.577Z"}
{"level":"info","message":"Hello distributed log files!","timestamp":"2013-01-24T07:22:04.691Z"}
{"level":"info","message":"Hello again distributed logs","timestamp":"2013-01-24T07:22:04.692Z"}
{"level":"info","message":"new user created: { accountStatus: 'pending',\n  userName: 'sean@seanA.com',\n  email: 'sean@seana.com',\n  password: '$2a$10$rBE56nKL3Y7/wCJJdnhn7uj8COluP7sLRaf6j14ywyz7LhkDoLZvW',\n  _id: 5100e11c3be70ce81f000002,\n  __v: 0,\n  loginAttempts: 0,\n  preferences: [],\n  created: Wed Jan 23 2013 23:22:04 GMT-0800 (PST) }","timestamp":"2013-01-24T07:22:04.806Z"}
{"level":"info","message":"Hello distributed log files!","timestamp":"2013-01-24T07:22:11.475Z"}
{"level":"info","message":"Hello again distributed logs","timestamp":"2013-01-24T07:22:11.475Z"}
{"level":"info","message":"new user created: { accountStatus: 'pending',\n  userName: 'sean@seanB.com',\n  email: 'sean@seanb.com',\n  password: '$2a$10$gELto4pBgGb09MPwxE2Ma.62XUnxP3OZMPKd8D9YkdyBX3GW01N0C',\n  _id: 5100e1233be70ce81f000003,\n  __v: 0,\n  loginAttempts: 0,\n  preferences: [],\n  created: Wed Jan 23 2013 23:22:11 GMT-0800 (PST) }","timestamp":"2013-01-24T07:22:11.587Z"}
{"level":"info","message":"Hello distributed log files!","timestamp":"2013-01-24T07:22:14.959Z"}
{"level":"info","message":"Hello again distributed logs","timestamp":"2013-01-24T07:22:14.959Z"}
{"level":"info","message":"new user created: { accountStatus: 'pending',\n  userName: 'sean@seanC.com',\n  email: 'sean@seanc.com',\n  password: '$2a$10$GXSSpMo/EmUxgNtEYarQI.qgE/VQYVtqy3CbHDsbsLTzsx/VhD4tS',\n  _id: 5100e1263be70ce81f000004,\n  __v: 0,\n  loginAttempts: 0,\n  preferences: [],\n  created: Wed Jan 23 2013 23:22:14 GMT-0800 (PST) }","timestamp":"2013-01-24T07:22:15.075Z"}
{"level":"info","message":"createUser request","timestamp":"2013-01-24T07:30:40.287Z"}
{"level":"info","message":"SUCCESS new user created: { accountStatus: 'pending',\n  userName: 'sean@seand.com',\n  email: 'sean@seand.com',\n  password: '$2a$10$xSzkhiZk4MshThZOZMjh.expxJxpqWm2Y7pNY.7Fq9s2rqi1mnXbm',\n  _id: 5100e320adf56d4420000001,\n  __v: 0,\n  loginAttempts: 0,\n  preferences: [],\n  created: Wed Jan 23 2013 23:30:40 GMT-0800 (PST) }","timestamp":"2013-01-24T07:30:40.407Z"}
{"level":"info","message":"createUser request","timestamp":"2013-01-24T07:33:05.363Z"}
{"level":"info","message":"SUCCESS new user created: { accountStatus: 'pending',\n  userName: 'sean@seanE.com',\n  email: 'sean@seane.com',\n  password: '$2a$10$uTE6ExmrSUP.wj/K12tihuZi/ENJSglTCPI0SlM7mgyNu7IG86Oiq',\n  _id: 5100e3b12d32de5820000001,\n  __v: 0,\n  loginAttempts: 0,\n  preferences: [],\n  created: Wed Jan 23 2013 23:33:05 GMT-0800 (PST) }","timestamp":"2013-01-24T07:33:05.483Z"}
{"level":"info","message":"createUser request","timestamp":"2013-01-24T07:47:49.305Z"}
{"level":"info","message":"SUCCESS new user created: { accountStatus: 'pending',\n  userName: 'sean@seanF.com',\n  email: 'sean@seanf.com',\n  password: '$2a$10$tWRy7GZTBRQtHb3npF0fqu2oImk/3JYzcux3Y3cNI158a.ZjTY.Oe',\n  _id: 5100e72519e0647720000001,\n  __v: 0,\n  loginAttempts: 0,\n  preferences: [],\n  created: Wed Jan 23 2013 23:47:49 GMT-0800 (PST) }","timestamp":"2013-01-24T07:47:49.427Z"}
{"level":"info","message":"createUser request","timestamp":"2013-01-24T08:21:25.187Z"}
{"level":"info","message":"SUCCESS new user created: { accountStatus: 'pending',\n  userName: 'sean@seanG.com',\n  email: 'sean@seang.com',\n  password: '$2a$10$2R0QcZuwnx.fS1Tj07rMUO6WpS13P5bOJM5hF.PGeX05Hc4gxpIeG',\n  _id: 5100ef0504a87c4f21000001,\n  __v: 0,\n  loginAttempts: 0,\n  preferences: [],\n  created: Thu Jan 24 2013 00:21:25 GMT-0800 (PST) }","timestamp":"2013-01-24T08:21:25.310Z"}
{"level":"info","message":"createUser request","timestamp":"2013-01-24T08:22:06.834Z"}
{"level":"error","message":"save pending user token error: E11000 duplicate key error index: sf1.pendingusers.$token_1  dup key: { : \"function (){\n\tvar token = '';\n\tvar rndIndex;\n\tvar characters = ['a','b','c','d','e','f','g','h','i','j','k','l','m','n','o','p','q','r','s','t','u','v...\" }","timestamp":"2013-01-24T08:22:06.983Z"}
{"level":"info","message":"SUCCESS new user created: { accountStatus: 'pending',\n  userName: 'sean@seanZ.com',\n  email: 'sean@seanz.com',\n  password: '$2a$10$KUaTh9VfOi5Rjx.9rJ0uEOeGSIT5/R2EMa./nVbmkAlasKzZsmneK',\n  _id: 5100ef2ec1bc675921000001,\n  __v: 0,\n  loginAttempts: 0,\n  preferences: [],\n  created: Thu Jan 24 2013 00:22:06 GMT-0800 (PST) }","timestamp":"2013-01-24T08:22:06.987Z"}
{"level":"info","message":"createUser request","timestamp":"2013-01-24T08:22:43.254Z"}
{"level":"info","message":"SUCCESS new user created: { accountStatus: 'pending',\n  userName: 'sean@seanS.com',\n  email: 'sean@seans.com',\n  password: '$2a$10$s35whGofbyTkL5Vex17qjezpIL8MnIOO68/hCzzluhOIXdgHs/QQO',\n  _id: 5100ef5315228f6221000001,\n  __v: 0,\n  loginAttempts: 0,\n  preferences: [],\n  created: Thu Jan 24 2013 00:22:43 GMT-0800 (PST) }","timestamp":"2013-01-24T08:22:43.378Z"}
{"level":"info","message":"createUser request","timestamp":"2013-01-24T08:23:26.769Z"}
{"level":"info","message":"SUCCESS new user created: { accountStatus: 'pending',\n  userName: 'sean@seangg.com',\n  email: 'sean@seangg.com',\n  password: '$2a$10$rQf5BzVaINKwYOPYQnFpv.HokngIQZUkVVCSetI7wph8vm/6DU9NK',\n  _id: 5100ef7e15228f6221000003,\n  __v: 0,\n  loginAttempts: 0,\n  preferences: [],\n  created: Thu Jan 24 2013 00:23:26 GMT-0800 (PST) }","timestamp":"2013-01-24T08:23:26.883Z"}
{"level":"info","message":"createUser request","timestamp":"2013-01-24T08:23:34.581Z"}
{"level":"info","message":"SUCCESS new user created: { accountStatus: 'pending',\n  userName: 'sean@seangt.com',\n  email: 'sean@seangt.com',\n  password: '$2a$10$7l4Qrt34.edU5iEEOE.rS.7krl9S0yE5iE2dTAFWrWBpnx5JB4Bqy',\n  _id: 5100ef8615228f6221000005,\n  __v: 0,\n  loginAttempts: 0,\n  preferences: [],\n  created: Thu Jan 24 2013 00:23:34 GMT-0800 (PST) }","timestamp":"2013-01-24T08:23:34.697Z"}
{"level":"info","message":"createUser request","timestamp":"2013-01-25T06:01:32.557Z"}
{"level":"info","message":"SUCCESS new user created: { accountStatus: 'pending',\n  userName: 'adminsf1@beachair.ca',\n  email: 'adminsf1@beachair.ca',\n  password: '$2a$10$bT0o6bVEvTWsGFqFfsvvR.uGWLD.mK25yLyTUQ5Mmi4ErqnPTvZ7e',\n  _id: 51021fbc15228f6221000007,\n  __v: 0,\n  loginAttempts: 0,\n  preferences: [],\n  created: Thu Jan 24 2013 22:01:32 GMT-0800 (PST) }","timestamp":"2013-01-25T06:01:32.670Z"}
{"level":"info","message":"login attempt: [object Object]","timestamp":"2013-01-25T06:48:11.915Z"}
{"level":"warn","message":"User.getAuthenticated no error but also missing user object","timestamp":"2013-01-25T06:48:11.922Z"}
{"level":"info","message":"login attempt: [object Object]","timestamp":"2013-01-25T06:52:59.009Z"}
{"level":"info","message":"login attempt: [object Object]","timestamp":"2013-01-25T06:58:33.274Z"}
{"level":"warn","message":"User.getAuthenticated no error but also missing user object securityI18n.k18AccountNotVerified","timestamp":"2013-01-25T06:58:33.280Z"}
{"level":"info","message":"login attempt","timestamp":"2013-01-25T07:08:54.462Z"}
{"level":"info","message":"login attempt","timestamp":"2013-01-25T07:16:34.675Z"}
{"level":"warn","message":"User.getAuthenticated no error but also missing user object securityI18n.k18AccountNotActive","timestamp":"2013-01-25T07:16:34.678Z"}
{"level":"info","message":"login attempt","timestamp":"2013-01-25T07:18:18.137Z"}
{"level":"warn","message":"User.getAuthenticated no error but also missing user object securityI18n.k18AccountNotActive","timestamp":"2013-01-25T07:18:18.139Z"}
{"level":"info","message":"login attempt","timestamp":"2013-01-25T07:27:25.126Z"}
{"level":"warn","message":"User.getAuthenticated no error but also missing user object securityI18n.k18AccountNotActive","timestamp":"2013-01-25T07:27:25.127Z"}
{"level":"info","message":"login attempt","timestamp":"2013-01-25T07:27:26.137Z"}
{"level":"warn","message":"User.getAuthenticated no error but also missing user object securityI18n.k18AccountNotActive","timestamp":"2013-01-25T07:27:26.139Z"}
{"level":"info","message":"login attempt","timestamp":"2013-01-25T07:27:32.769Z"}
{"level":"warn","message":"User.getAuthenticated no error but also missing user object securityI18n.k18AccountNotActive","timestamp":"2013-01-25T07:27:32.772Z"}
{"level":"info","message":"login attempt","timestamp":"2013-01-25T07:27:42.711Z"}
{"level":"warn","message":"User.getAuthenticated no error but also missing user object securityI18n.k18AccountNotActive","timestamp":"2013-01-25T07:27:42.713Z"}
{"level":"info","message":"exports.getPendingAccountList we have accounts ","timestamp":"2013-01-25T07:49:08.345Z"}
{"level":"info","message":"exports.getPendingAccountList we have accounts ","timestamp":"2013-01-25T07:49:48.495Z"}
{"level":"info","message":"exports.getPendingAccountList we have accounts ","timestamp":"2013-01-25T07:50:20.449Z"}
{"level":"info","message":"exports.getPendingAccountList we have accounts ","timestamp":"2013-01-25T07:51:10.524Z"}
{"level":"info","message":"exports.getPendingAccountList we have accounts ","timestamp":"2013-01-26T07:24:44.836Z"}
{"level":"info","message":"createUser request","timestamp":"2013-02-03T19:37:37.303Z"}
{"level":"info","message":"new user successfully created [pending activation]: seanbrookes@beachair.ca","timestamp":"2013-02-03T19:37:37.821Z"}
{"level":"info","message":"login attempt","timestamp":"2013-02-03T19:46:10.862Z"}
{"level":"info","message":"login attempt","timestamp":"2013-02-03T19:48:04.326Z"}
{"level":"info","message":"login attempt","timestamp":"2013-02-03T19:50:29.233Z"}
{"level":"info","message":"login attempt","timestamp":"2013-02-03T19:52:15.696Z"}
{"level":"info","message":"login attempt","timestamp":"2013-02-03T19:55:37.713Z"}
{"level":"info","message":"login attempt","timestamp":"2013-02-03T20:15:11.189Z"}
{"level":"info","message":"login attempt","timestamp":"2013-02-03T20:18:38.929Z"}
{"level":"info","message":"login attempt","timestamp":"2013-02-03T21:08:48.766Z"}
{"level":"info","message":"login attempt","timestamp":"2013-02-03T21:14:02.311Z"}
{"level":"info","message":"login attempt","timestamp":"2013-02-04T00:03:52.467Z"}
{"level":"info","message":"login attempt","timestamp":"2013-02-04T00:19:14.730Z"}
{"level":"info","message":"login attempt","timestamp":"2013-02-20T16:06:04.584Z"}
{"level":"info","message":"login attempt","timestamp":"2013-02-20T16:24:49.320Z"}
{"level":"info","message":"login attempt","timestamp":"2013-02-21T07:40:12.290Z"}
{"level":"info","message":"login attempt","timestamp":"2013-03-14T15:33:11.547Z"}
{"level":"info","message":"login attempt","timestamp":"2013-03-14T15:46:07.390Z"}
{"level":"info","message":"login attempt","timestamp":"2013-03-29T05:38:36.559Z"}
{"level":"info","message":"createUser request","timestamp":"2013-03-29T05:45:09.035Z"}
